<?xml version="1.0" encoding="UTF-8"?>
<testsuite name="Default test"
           tests="2"
           failures="1"
           errors="0"
           skipped="1"
           time="0.006">
    <properties></properties>

            <testcase
                name="beforeClass"
                time="0.000"
                classname="Tests">

            <failure type="java.lang.IllegalArgumentException" message="Don&apos;t know how to encode {&quot;id&quot;:&quot;1&quot;,&quot;category&quot;:{&quot;id&quot;:1,&quot;name&quot;:&quot;cats&quot;},&quot;name&quot;:&quot;Kitty&quot;,&quot;photoUrls&quot;:null,&quot;tags&quot;:null,&quot;status&quot;:&quot;available&quot;} as a byte stream.

Please use EncoderConfig (EncoderConfig#encodeContentTypeAs) to specify how to serialize data for this content-type.
For example: &quot;given().config(RestAssured.config().encoderConfig(encoderConfig().encodeContentTypeAs(&quot;JSON&quot;, ContentType.TEXT))). ..&quot;">
                <![CDATA[java.lang.IllegalArgumentException: Don't know how to encode {"id":"1","category":{"id":1,"name":"cats"},"name":"Kitty","photoUrls":null,"tags":null,"status":"available"} as a byte stream.

Please use EncoderConfig (EncoderConfig#encodeContentTypeAs) to specify how to serialize data for this content-type.
For example: "given().config(RestAssured.config().encoderConfig(encoderConfig().encodeContentTypeAs("JSON", ContentType.TEXT))). .."
                io.restassured.internal.http.EncoderRegistry.encodeStream(EncoderRegistry.java:132)sun.reflect.NativeMethodAccessorImpl.invoke0(Native Method)sun.reflect.NativeMethodAccessorImpl.invoke(NativeMethodAccessorImpl.java:62)sun.reflect.DelegatingMethodAccessorImpl.invoke(DelegatingMethodAccessorImpl.java:43)java.lang.reflect.Method.invoke(Method.java:498)org.codehaus.groovy.reflection.CachedMethod.invoke(CachedMethod.java:101)groovy.lang.MetaMethod.doMethodInvoke(MetaMethod.java:323)groovy.lang.MetaClassImpl.invokeMethod(MetaClassImpl.java:1217)groovy.lang.MetaClassImpl.invokeMethodClosure(MetaClassImpl.java:1050)groovy.lang.MetaClassImpl.invokeMethod(MetaClassImpl.java:1092)groovy.lang.MetaClassImpl.invokeMethod(MetaClassImpl.java:1041)groovy.lang.Closure.call(Closure.java:405)io.restassured.internal.http.HTTPBuilder$RequestConfigDelegate.setBody(HTTPBuilder.java:1113)io.restassured.internal.http.HTTPBuilder$RequestConfigDelegate.setPropertiesFromMap(HTTPBuilder.java:1025)io.restassured.internal.http.HTTPBuilder.post(HTTPBuilder.java:344)io.restassured.internal.http.HTTPBuilder$post$2.call(Unknown Source)org.codehaus.groovy.runtime.callsite.CallSiteArray.defaultCall(CallSiteArray.java:47)org.codehaus.groovy.runtime.callsite.AbstractCallSite.call(AbstractCallSite.java:115)org.codehaus.groovy.runtime.callsite.AbstractCallSite.call(AbstractCallSite.java:135)io.restassured.internal.RequestSpecificationImpl.sendRequest(RequestSpecificationImpl.groovy:1181)sun.reflect.NativeMethodAccessorImpl.invoke0(Native Method)sun.reflect.NativeMethodAccessorImpl.invoke(NativeMethodAccessorImpl.java:62)sun.reflect.DelegatingMethodAccessorImpl.invoke(DelegatingMethodAccessorImpl.java:43)java.lang.reflect.Method.invoke(Method.java:498)org.codehaus.groovy.reflection.CachedMethod.invoke(CachedMethod.java:101)groovy.lang.MetaMethod.doMethodInvoke(MetaMethod.java:323)groovy.lang.MetaClassImpl.invokeMethod(MetaClassImpl.java:1217)groovy.lang.MetaClassImpl.invokeMethod(MetaClassImpl.java:1041)groovy.lang.MetaClassImpl.invokeMethod(MetaClassImpl.java:821)io.restassured.internal.RequestSpecificationImpl.invokeMethod(RequestSpecificationImpl.groovy)org.codehaus.groovy.runtime.callsite.PogoInterceptableSite.call(PogoInterceptableSite.java:45)org.codehaus.groovy.runtime.callsite.CallSiteArray.defaultCall(CallSiteArray.java:47)org.codehaus.groovy.runtime.callsite.AbstractCallSite.call(AbstractCallSite.java:115)org.codehaus.groovy.runtime.callsite.AbstractCallSite.call(AbstractCallSite.java:151)io.restassured.internal.filter.SendRequestFilter.filter(SendRequestFilter.groovy:30)io.restassured.filter.Filter$filter$0.call(Unknown Source)org.codehaus.groovy.runtime.callsite.CallSiteArray.defaultCall(CallSiteArray.java:47)io.restassured.filter.Filter$filter.call(Unknown Source)io.restassured.internal.filter.FilterContextImpl.next(FilterContextImpl.groovy:72)io.restassured.filter.time.TimingFilter.filter(TimingFilter.java:56)io.restassured.filter.Filter$filter.call(Unknown Source)org.codehaus.groovy.runtime.callsite.CallSiteArray.defaultCall(CallSiteArray.java:47)io.restassured.filter.Filter$filter.call(Unknown Source)io.restassured.internal.filter.FilterContextImpl.next(FilterContextImpl.groovy:72)io.restassured.filter.log.RequestLoggingFilter.filter(RequestLoggingFilter.java:140)io.restassured.filter.Filter$filter.call(Unknown Source)org.codehaus.groovy.runtime.callsite.CallSiteArray.defaultCall(CallSiteArray.java:47)org.codehaus.groovy.runtime.callsite.AbstractCallSite.call(AbstractCallSite.java:115)org.codehaus.groovy.runtime.callsite.AbstractCallSite.call(AbstractCallSite.java:143)io.restassured.internal.filter.FilterContextImpl.next(FilterContextImpl.groovy:72)io.restassured.filter.FilterContext$next.call(Unknown Source)org.codehaus.groovy.runtime.callsite.CallSiteArray.defaultCall(CallSiteArray.java:47)org.codehaus.groovy.runtime.callsite.AbstractCallSite.call(AbstractCallSite.java:115)org.codehaus.groovy.runtime.callsite.AbstractCallSite.call(AbstractCallSite.java:135)io.restassured.internal.RequestSpecificationImpl.applyPathParamsAndSendRequest(RequestSpecificationImpl.groovy:1655)sun.reflect.NativeMethodAccessorImpl.invoke0(Native Method)sun.reflect.NativeMethodAccessorImpl.invoke(NativeMethodAccessorImpl.java:62)sun.reflect.DelegatingMethodAccessorImpl.invoke(DelegatingMethodAccessorImpl.java:43)java.lang.reflect.Method.invoke(Method.java:498)org.codehaus.groovy.reflection.CachedMethod.invoke(CachedMethod.java:101)groovy.lang.MetaMethod.doMethodInvoke(MetaMethod.java:323)groovy.lang.MetaClassImpl.invokeMethod(MetaClassImpl.java:1217)groovy.lang.MetaClassImpl.invokeMethod(MetaClassImpl.java:1041)groovy.lang.MetaClassImpl.invokeMethod(MetaClassImpl.java:821)io.restassured.internal.RequestSpecificationImpl.invokeMethod(RequestSpecificationImpl.groovy)org.codehaus.groovy.runtime.callsite.PogoInterceptableSite.call(PogoInterceptableSite.java:45)org.codehaus.groovy.runtime.callsite.PogoInterceptableSite.callCurrent(PogoInterceptableSite.java:55)org.codehaus.groovy.runtime.callsite.CallSiteArray.defaultCallCurrent(CallSiteArray.java:51)org.codehaus.groovy.runtime.callsite.AbstractCallSite.callCurrent(AbstractCallSite.java:156)org.codehaus.groovy.runtime.callsite.AbstractCallSite.callCurrent(AbstractCallSite.java:184)io.restassured.internal.RequestSpecificationImpl.applyPathParamsAndSendRequest(RequestSpecificationImpl.groovy:1661)sun.reflect.NativeMethodAccessorImpl.invoke0(Native Method)sun.reflect.NativeMethodAccessorImpl.invoke(NativeMethodAccessorImpl.java:62)sun.reflect.DelegatingMethodAccessorImpl.invoke(DelegatingMethodAccessorImpl.java:43)java.lang.reflect.Method.invoke(Method.java:498)org.codehaus.groovy.reflection.CachedMethod.invoke(CachedMethod.java:101)groovy.lang.MetaMethod.doMethodInvoke(MetaMethod.java:323)groovy.lang.MetaClassImpl.invokeMethod(MetaClassImpl.java:1217)groovy.lang.MetaClassImpl.invokeMethod(MetaClassImpl.java:1041)groovy.lang.MetaClassImpl.invokeMethod(MetaClassImpl.java:821)io.restassured.internal.RequestSpecificationImpl.invokeMethod(RequestSpecificationImpl.groovy)org.codehaus.groovy.runtime.callsite.PogoInterceptableSite.call(PogoInterceptableSite.java:45)org.codehaus.groovy.runtime.callsite.PogoInterceptableSite.callCurrent(PogoInterceptableSite.java:55)org.codehaus.groovy.runtime.callsite.CallSiteArray.defaultCallCurrent(CallSiteArray.java:51)org.codehaus.groovy.runtime.callsite.AbstractCallSite.callCurrent(AbstractCallSite.java:156)org.codehaus.groovy.runtime.callsite.AbstractCallSite.callCurrent(AbstractCallSite.java:184)io.restassured.internal.RequestSpecificationImpl.post(RequestSpecificationImpl.groovy:175)io.restassured.internal.RequestSpecificationImpl.post(RequestSpecificationImpl.groovy)controller.PetStoreController.addNewPet(PetStoreController.java:35)Tests.addNewPet(Tests.java:63)Tests.beforeClass(Tests.java:23)sun.reflect.NativeMethodAccessorImpl.invoke0(Native Method)sun.reflect.NativeMethodAccessorImpl.invoke(NativeMethodAccessorImpl.java:62)sun.reflect.DelegatingMethodAccessorImpl.invoke(DelegatingMethodAccessorImpl.java:43)java.lang.reflect.Method.invoke(Method.java:498)org.testng.internal.MethodInvocationHelper.invokeMethod(MethodInvocationHelper.java:86)org.testng.internal.Invoker.invokeConfigurationMethod(Invoker.java:515)org.testng.internal.Invoker.invokeConfigurations(Invoker.java:216)org.testng.internal.Invoker.invokeConfigurations(Invoker.java:143)org.testng.internal.TestMethodWorker.invokeBeforeClassMethods(TestMethodWorker.java:178)org.testng.internal.TestMethodWorker.run(TestMethodWorker.java:108)org.testng.TestRunner.privateRun(TestRunner.java:778)org.testng.TestRunner.run(TestRunner.java:632)org.testng.SuiteRunner.runTest(SuiteRunner.java:366)org.testng.SuiteRunner.runSequentially(SuiteRunner.java:361)org.testng.SuiteRunner.privateRun(SuiteRunner.java:319)org.testng.SuiteRunner.run(SuiteRunner.java:268)org.testng.SuiteRunnerWorker.runSuite(SuiteRunnerWorker.java:52)org.testng.SuiteRunnerWorker.run(SuiteRunnerWorker.java:86)org.testng.TestNG.runSuitesSequentially(TestNG.java:1225)org.testng.TestNG.runSuitesLocally(TestNG.java:1150)org.testng.TestNG.runSuites(TestNG.java:1075)org.testng.TestNG.run(TestNG.java:1047)org.testng.remote.AbstractRemoteTestNG.run(AbstractRemoteTestNG.java:126)org.testng.remote.RemoteTestNG.initAndRun(RemoteTestNG.java:137)org.testng.remote.RemoteTestNG.main(RemoteTestNG.java:58)
]]>
            </failure>
    </testcase>

            <testcase
                name="addAndverifyNewPet"
                time="0.0"
                classname="Tests">
            </testcase>

</testsuite>
