<?xml version="1.0" encoding="UTF-8"?>
<testng-results skipped="0" failed="0" total="1" passed="1">
  <reporter-output>
  </reporter-output>
  <suite name="Default suite" duration-ms="38886" started-at="2020-10-31T18:59:16Z" finished-at="2020-10-31T18:59:55Z">
    <groups>
    </groups>
    <test name="Default test" duration-ms="38886" started-at="2020-10-31T18:59:16Z" finished-at="2020-10-31T18:59:55Z">
      <class name="ECommerceTest">
        <test-method status="PASS" signature="beforeClass()[pri:0, instance:ECommerceTest@79be0360]" name="beforeClass" is-config="true" duration-ms="9324" started-at="2020-11-01T00:29:16Z" finished-at="2020-11-01T00:29:25Z">
          <reporter-output>
          </reporter-output>
        </test-method> <!-- beforeClass -->
        <test-method status="PASS" signature="Demo_Ecommerce()[pri:0, instance:ECommerceTest@79be0360]" name="Demo_Ecommerce" duration-ms="28377" started-at="2020-11-01T00:29:25Z" finished-at="2020-11-01T00:29:54Z">
          <reporter-output>
          </reporter-output>
        </test-method> <!-- Demo_Ecommerce -->
        <test-method status="PASS" signature="CloseBrowser()[pri:0, instance:ECommerceTest@79be0360]" name="CloseBrowser" is-config="true" duration-ms="1154" started-at="2020-11-01T00:29:54Z" finished-at="2020-11-01T00:29:55Z">
          <reporter-output>
          </reporter-output>
        </test-method> <!-- CloseBrowser -->
      </class> <!-- ECommerceTest -->
    </test> <!-- Default test -->
  </suite> <!-- Default suite -->
</testng-results>
